#
# There is insufficient memory for the Java Runtime Environment to continue.
# Native memory allocation (mmap) failed to map 52428800 bytes for Failed to commit area from 0x0000000719a00000 to 0x000000071cc00000 of length 52428800.
# Possible reasons:
#   The system is out of physical RAM or swap space
#   The process is running with CompressedOops enabled, and the Java Heap may be blocking the growth of the native heap
# Possible solutions:
#   Reduce memory load on the system
#   Increase physical memory or swap space
#   Check if swap backing store is full
#   Decrease Java heap size (-Xmx/-Xms)
#   Decrease number of Java threads
#   Decrease Java thread stack sizes (-Xss)
#   Set larger code cache with -XX:ReservedCodeCacheSize=
#   JVM is running with Zero Based Compressed Oops mode in which the Java heap is
#     placed in the first 32GB address space. The Java Heap base address is the
#     maximum limit for the native heap growth. Please use -XX:HeapBaseMinAddress
#     to set the Java Heap base and to place the Java Heap above 32GB virtual address.
# This output file may be truncated or incomplete.
#
#  Out of Memory Error (./src/hotspot/os/windows/os_windows.cpp:3521), pid=58208, tid=60720
#
# JRE version: OpenJDK Runtime Environment (11.0.12+7) (build 11.0.12+7-b1504.28-7817840)
# Java VM: OpenJDK 64-Bit Server VM (11.0.12+7-b1504.28-7817840, mixed mode, tiered, compressed oops, g1 gc, windows-amd64)
# No core dump will be written. Minidumps are not enabled by default on client versions of Windows
#

---------------  S U M M A R Y ------------

Command Line: org.jetbrains.kotlin.cli.jvm.K2JVMCompiler @D:\AndroidGradle\app\build\20221008_11257528622063925750.compiler.options

Host: AMD Ryzen 7 4800U with Radeon Graphics         , 16 cores, 15G,  Windows 10 , 64 bit Build 19041 (10.0.19041.1889)
Time: Sat Oct  8 18:38:13 2022 中国标准时间 elapsed time: 1.953893 seconds (0d 0h 0m 1s)

---------------  T H R E A D  ---------------

Current thread (0x000001df530e1800):  VMThread "VM Thread" [stack: 0x00000022dda00000,0x00000022ddb00000] [id=60720]

Stack: [0x00000022dda00000,0x00000022ddb00000]
[error occurred during error reporting (printing stack bounds), id 0xc0000005, EXCEPTION_ACCESS_VIOLATION (0xc0000005) at pc=0x000001df3752112d]

Native frames: (J=compiled Java code, j=interpreted, Vv=VM code, C=native code)
V  [jvm.dll+0x5fbcea]
V  [jvm.dll+0x731905]
V  [jvm.dll+0x732f1d]
V  [jvm.dll+0x733535]
V  [jvm.dll+0x7334eb]
V  [jvm.dll+0x5fb080]
V  [jvm.dll+0x5fb818]
C  [ntdll.dll+0xa235f]
C  [ntdll.dll+0x514a4]
C  [ntdll.dll+0xa0e8e]
C  0x000001df3752112d

VM_Operation (0x00000022dd4fc790): G1CollectForAllocation, mode: safepoint, requested by thread 0x000001df33a0b000


---------------  P R O C E S S  ---------------

Threads class SMR info:
_java_thread_list=0x000001df53b91a70, length=15, elements={
0x000001df33a0b000, 0x000001df530e6000, 0x000001df530e7000, 0x000001df539db000,
0x000001df539dc000, 0x000001df539dd800, 0x000001df539e1800, 0x000001df539e4800,
0x000001df539e7800, 0x000001df53b8d800, 0x000001df53b93000, 0x000001df53b91000,
0x000001df53b92000, 0x000001df53de2800, 0x000001df53f44000
}

Java Threads: ( => current thread )
  0x000001df33a0b000 JavaThread "main" [_thread_blocked, id=20604, stack(0x00000022dd400000,0x00000022dd500000)]
  0x000001df530e6000 JavaThread "Reference Handler" daemon [_thread_blocked, id=65504, stack(0x00000022ddb00000,0x00000022ddc00000)]
  0x000001df530e7000 JavaThread "Finalizer" daemon [_thread_blocked, id=60860, stack(0x00000022ddc00000,0x00000022ddd00000)]
  0x000001df539db000 JavaThread "Signal Dispatcher" daemon [_thread_blocked, id=42928, stack(0x00000022ddd00000,0x00000022dde00000)]
  0x000001df539dc000 JavaThread "Attach Listener" daemon [_thread_blocked, id=52708, stack(0x00000022dde00000,0x00000022ddf00000)]
  0x000001df539dd800 JavaThread "Service Thread" daemon [_thread_blocked, id=59608, stack(0x00000022ddf00000,0x00000022de000000)]
  0x000001df539e1800 JavaThread "C2 CompilerThread0" daemon [_thread_blocked, id=10268, stack(0x00000022de000000,0x00000022de100000)]
  0x000001df539e4800 JavaThread "C1 CompilerThread0" daemon [_thread_blocked, id=61600, stack(0x00000022de100000,0x00000022de200000)]
  0x000001df539e7800 JavaThread "Sweeper thread" daemon [_thread_blocked, id=59088, stack(0x00000022de200000,0x00000022de300000)]
  0x000001df53b8d800 JavaThread "C1 CompilerThread1" daemon [_thread_blocked, id=66484, stack(0x00000022de300000,0x00000022de400000)]
  0x000001df53b93000 JavaThread "Common-Cleaner" daemon [_thread_blocked, id=63656, stack(0x00000022de500000,0x00000022de600000)]
  0x000001df53b91000 JavaThread "C2 CompilerThread1" daemon [_thread_blocked, id=64528, stack(0x00000022de600000,0x00000022de700000)]
  0x000001df53b92000 JavaThread "C2 CompilerThread2" daemon [_thread_blocked, id=61432, stack(0x00000022de700000,0x00000022de800000)]
  0x000001df53de2800 JavaThread "C1 CompilerThread2" daemon [_thread_blocked, id=65512, stack(0x00000022de800000,0x00000022de900000)]
  0x000001df53f44000 JavaThread "C1 CompilerThread3" daemon [_thread_blocked, id=11816, stack(0x00000022de900000,0x00000022dea00000)]

Other Threads:
=>0x000001df530e1800 VMThread "VM Thread" [stack: 0x00000022dda00000,0x00000022ddb00000] [id=60720]
  0x000001df53b8e800 WatcherThread [stack: 0x00000022de400000,0x00000022de500000] [id=63036]
  0x000001df33a24800 GCTaskThread "GC Thread#0" [stack: 0x00000022dd500000,0x00000022dd600000] [id=51876]
  0x000001df54198800 GCTaskThread "GC Thread#1" [stack: 0x00000022dea00000,0x00000022deb00000] [id=16580]
  0x000001df54159800 GCTaskThread "GC Thread#2" [stack: 0x00000022deb00000,0x00000022dec00000] [id=52012]
  0x000001df5415a000 GCTaskThread "GC Thread#3" [stack: 0x00000022dec00000,0x00000022ded00000] [id=62604]
  0x000001df54163000 GCTaskThread "GC Thread#4" [stack: 0x00000022ded00000,0x00000022dee00000] [id=65392]
  0x000001df33a80800 ConcurrentGCThread "G1 Main Marker" [stack: 0x00000022dd600000,0x00000022dd700000] [id=28216]
  0x000001df33a82000 ConcurrentGCThread "G1 Conc#0" [stack: 0x00000022dd700000,0x00000022dd800000] [id=61292]
  0x000001df54407000 ConcurrentGCThread "G1 Conc#1" [stack: 0x00000022dee00000,0x00000022def00000] [id=60152]
  0x000001df54e86800 ConcurrentGCThread "G1 Conc#2" [stack: 0x00000022def00000,0x00000022df000000] [id=62012]
  0x000001df52fa9000 ConcurrentGCThread "G1 Refine#0" [stack: 0x00000022dd800000,0x00000022dd900000] [id=65732]
  0x000001df52faa000 ConcurrentGCThread "G1 Young RemSet Sampling" [stack: 0x00000022dd900000,0x00000022dda00000] [id=66016]

Threads with active compile tasks:
C2 CompilerThread2   1963 2945   !   4       jdk.internal.loader.URLClassPath$JarLoader::getResource (65 bytes)

VM state:at safepoint (normal execution)

VM Mutex/Monitor currently owned by a thread:  ([mutex/lock_event])
[0x000001df33a07880] Threads_lock - owner thread: 0x000001df530e1800
[0x000001df33a07640] Heap_lock - owner thread: 0x000001df33a0b000

Heap address: 0x000000070a400000, size: 3932 MB, Compressed Oops mode: Zero based, Oop shift amount: 3
Narrow klass base: 0x0000000800000000, Narrow klass shift: 0
Compressed class space size: 1073741824 Address: 0x0000000800000000

Heap:
 garbage-first heap   total 303104K, used 24406K [0x000000070a400000, 0x0000000800000000)
  region size 1024K, 4 young (4096K), 4 survivors (4096K)
 Metaspace       used 39989K, capacity 40454K, committed 40576K, reserved 1085440K
  class space    used 4778K, capacity 4964K, committed 4992K, reserved 1048576K
Heap Regions: E=young(eden), S=young(survivor), O=old, HS=humongous(starts), HC=humongous(continues), CS=collection set, F=free, A=archive, TAMS=top-at-mark-start (previous, next)
|   0|0x000000070a400000, 0x000000070a500000, 0x000000070a500000|100%|HS|  |TAMS 0x000000070a500000, 0x000000070a400000| Complete 
|   1|0x000000070a500000, 0x000000070a600000, 0x000000070a600000|100%|HC|  |TAMS 0x000000070a600000, 0x000000070a500000| Complete 
|   2|0x000000070a600000, 0x000000070a700000, 0x000000070a700000|100%|HC|  |TAMS 0x000000070a700000, 0x000000070a600000| Complete 
|   3|0x000000070a700000, 0x000000070a800000, 0x000000070a800000|100%|HS|  |TAMS 0x000000070a800000, 0x000000070a700000| Complete 
|   4|0x000000070a800000, 0x000000070a900000, 0x000000070a900000|100%|HC|  |TAMS 0x000000070a900000, 0x000000070a800000| Complete 
|   5|0x000000070a900000, 0x000000070aa00000, 0x000000070aa00000|100%|HC|  |TAMS 0x000000070aa00000, 0x000000070a900000| Complete 
|   6|0x000000070aa00000, 0x000000070ab00000, 0x000000070ab00000|100%|HS|  |TAMS 0x000000070ab00000, 0x000000070aa00000| Complete 
|   7|0x000000070ab00000, 0x000000070ac00000, 0x000000070ac00000|100%|HC|  |TAMS 0x000000070ac00000, 0x000000070ab00000| Complete 
|   8|0x000000070ac00000, 0x000000070ad00000, 0x000000070ad00000|100%| O|  |TAMS 0x000000070ad00000, 0x000000070ac00000| Untracked 
|   9|0x000000070ad00000, 0x000000070ae00000, 0x000000070ae00000|100%| O|  |TAMS 0x000000070ae00000, 0x000000070ad00000| Untracked 
|  10|0x000000070ae00000, 0x000000070af00000, 0x000000070af00000|100%| O|  |TAMS 0x000000070af00000, 0x000000070ae00000| Untracked 
|  11|0x000000070af00000, 0x000000070b000000, 0x000000070b000000|100%| O|  |TAMS 0x000000070b000000, 0x000000070af00000| Untracked 
|  12|0x000000070b000000, 0x000000070b100000, 0x000000070b100000|100%| O|  |TAMS 0x000000070b100000, 0x000000070b000000| Untracked 
|  13|0x000000070b100000, 0x000000070b200000, 0x000000070b200000|100%| O|  |TAMS 0x000000070b200000, 0x000000070b100000| Untracked 
|  14|0x000000070b200000, 0x000000070b300000, 0x000000070b300000|100%| O|  |TAMS 0x000000070b300000, 0x000000070b200000| Untracked 
|  15|0x000000070b300000, 0x000000070b400000, 0x000000070b400000|100%| O|  |TAMS 0x000000070b348800, 0x000000070b300000| Untracked 
|  16|0x000000070b400000, 0x000000070b500000, 0x000000070b500000|100%| O|  |TAMS 0x000000070b400000, 0x000000070b400000| Untracked 
|  17|0x000000070b500000, 0x000000070b600000, 0x000000070b600000|100%| O|  |TAMS 0x000000070b500000, 0x000000070b500000| Untracked 
|  18|0x000000070b600000, 0x000000070b700000, 0x000000070b700000|100%| O|  |TAMS 0x000000070b600000, 0x000000070b600000| Untracked 
|  19|0x000000070b700000, 0x000000070b7f3a00, 0x000000070b800000| 95%| O|  |TAMS 0x000000070b700000, 0x000000070b700000| Untracked 
|  20|0x000000070b800000, 0x000000070b800000, 0x000000070b900000|  0%| F|  |TAMS 0x000000070b800000, 0x000000070b800000| Untracked 
|  21|0x000000070b900000, 0x000000070b900000, 0x000000070ba00000|  0%| F|  |TAMS 0x000000070b900000, 0x000000070b900000| Untracked 
|  22|0x000000070ba00000, 0x000000070ba00000, 0x000000070bb00000|  0%| F|  |TAMS 0x000000070ba00000, 0x000000070ba00000| Untracked 
|  23|0x000000070bb00000, 0x000000070bb00000, 0x000000070bc00000|  0%| F|  |TAMS 0x000000070bb00000, 0x000000070bb00000| Untracked 
|  24|0x000000070bc00000, 0x000000070bc00000, 0x000000070bd00000|  0%| F|  |TAMS 0x000000070bc00000, 0x000000070bc00000| Untracked 
|  25|0x000000070bd00000, 0x000000070bd00000, 0x000000070be00000|  0%| F|  |TAMS 0x000000070bd00000, 0x000000070bd00000| Untracked 
|  26|0x000000070be00000, 0x000000070be00000, 0x000000070bf00000|  0%| F|  |TAMS 0x000000070be00000, 0x000000070be00000| Untracked 
|  27|0x000000070bf00000, 0x000000070bf00000, 0x000000070c000000|  0%| F|  |TAMS 0x000000070bf00000, 0x000000070bf00000| Untracked 
|  28|0x000000070c000000, 0x000000070c000000, 0x000000070c100000|  0%| F|  |TAMS 0x000000070c000000, 0x000000070c000000| Untracked 
|  29|0x000000070c100000, 0x000000070c100000, 0x000000070c200000|  0%| F|  |TAMS 0x000000070c100000, 0x000000070c100000| Untracked 
|  30|0x000000070c200000, 0x000000070c200000, 0x000000070c300000|  0%| F|  |TAMS 0x000000070c200000, 0x000000070c200000| Untracked 
|  31|0x000000070c300000, 0x000000070c300000, 0x000000070c400000|  0%| F|  |TAMS 0x000000070c300000, 0x000000070c300000| Untracked 
|  32|0x000000070c400000, 0x000000070c400000, 0x000000070c500000|  0%| F|  |TAMS 0x000000070c400000, 0x000000070c400000| Untracked 
|  33|0x000000070c500000, 0x000000070c500000, 0x000000070c600000|  0%| F|  |TAMS 0x000000070c500000, 0x000000070c500000| Untracked 
|  34|0x000000070c600000, 0x000000070c600000, 0x000000070c700000|  0%| F|  |TAMS 0x000000070c600000, 0x000000070c600000| Untracked 
|  35|0x000000070c700000, 0x000000070c700000, 0x000000070c800000|  0%| F|  |TAMS 0x000000070c700000, 0x000000070c700000| Untracked 
|  36|0x000000070c800000, 0x000000070c800000, 0x000000070c900000|  0%| F|  |TAMS 0x000000070c800000, 0x000000070c800000| Untracked 
|  37|0x000000070c900000, 0x000000070c900000, 0x000000070ca00000|  0%| F|  |TAMS 0x000000070c900000, 0x000000070c900000| Untracked 
|  38|0x000000070ca00000, 0x000000070ca00000, 0x000000070cb00000|  0%| F|  |TAMS 0x000000070ca00000, 0x000000070ca00000| Untracked 
|  39|0x000000070cb00000, 0x000000070cb00000, 0x000000070cc00000|  0%| F|  |TAMS 0x000000070cb00000, 0x000000070cb00000| Untracked 
|  40|0x000000070cc00000, 0x000000070cc00000, 0x000000070cd00000|  0%| F|  |TAMS 0x000000070cc00000, 0x000000070cc00000| Untracked 
|  41|0x000000070cd00000, 0x000000070cd00000, 0x000000070ce00000|  0%| F|  |TAMS 0x000000070cd00000, 0x000000070cd00000| Untracked 
|  42|0x000000070ce00000, 0x000000070ce00000, 0x000000070cf00000|  0%| F|  |TAMS 0x000000070ce00000, 0x000000070ce00000| Untracked 
|  43|0x000000070cf00000, 0x000000070cf00000, 0x000000070d000000|  0%| F|  |TAMS 0x000000070cf00000, 0x000000070cf00000| Untracked 
|  44|0x000000070d000000, 0x000000070d000000, 0x000000070d100000|  0%| F|  |TAMS 0x000000070d000000, 0x000000070d000000| Untracked 
|  45|0x000000070d100000, 0x000000070d100000, 0x000000070d200000|  0%| F|  |TAMS 0x000000070d100000, 0x000000070d100000| Untracked 
|  46|0x000000070d200000, 0x000000070d200000, 0x000000070d300000|  0%| F|  |TAMS 0x000000070d200000, 0x000000070d200000| Untracked 
|  47|0x000000070d300000, 0x000000070d300000, 0x000000070d400000|  0%| F|  |TAMS 0x000000070d300000, 0x000000070d300000| Untracked 
|  48|0x000000070d400000, 0x000000070d400000, 0x000000070d500000|  0%| F|  |TAMS 0x000000070d400000, 0x000000070d400000| Untracked 
|  49|0x000000070d500000, 0x000000070d500000, 0x000000070d600000|  0%| F|  |TAMS 0x000000070d500000, 0x000000070d500000| Untracked 
|  50|0x000000070d600000, 0x000000070d600000, 0x000000070d700000|  0%| F|  |TAMS 0x000000070d600000, 0x000000070d600000| Untracked 
|  51|0x000000070d700000, 0x000000070d700000, 0x000000070d800000|  0%| F|  |TAMS 0x000000070d700000, 0x000000070d700000| Untracked 
|  52|0x000000070d800000, 0x000000070d800000, 0x000000070d900000|  0%| F|  |TAMS 0x000000070d800000, 0x000000070d800000| Untracked 
|  53|0x000000070d900000, 0x000000070d900000, 0x000000070da00000|  0%| F|  |TAMS 0x000000070d900000, 0x000000070d900000| Untracked 
|  54|0x000000070da00000, 0x000000070da00000, 0x000000070db00000|  0%| F|  |TAMS 0x000000070da00000, 0x000000070da00000| Untracked 
|  55|0x000000070db00000, 0x000000070db00000, 0x000000070dc00000|  0%| F|  |TAMS 0x000000070db00000, 0x000000070db00000| Untracked 
|  56|0x000000070dc00000, 0x000000070dc00000, 0x000000070dd00000|  0%| F|  |TAMS 0x000000070dc00000, 0x000000070dc00000| Untracked 
|  57|0x000000070dd00000, 0x000000070dd00000, 0x000000070de00000|  0%| F|  |TAMS 0x000000070dd00000, 0x000000070dd00000| Untracked 
|  58|0x000000070de00000, 0x000000070de00000, 0x000000070df00000|  0%| F|  |TAMS 0x000000070de00000, 0x000000070de00000| Untracked 
|  59|0x000000070df00000, 0x000000070df00000, 0x000000070e000000|  0%| F|  |TAMS 0x000000070df00000, 0x000000070df00000| Untracked 
|  60|0x000000070e000000, 0x000000070e000000, 0x000000070e100000|  0%| F|  |TAMS 0x000000070e000000, 0x000000070e000000| Untracked 
|  61|0x000000070e100000, 0x000000070e100000, 0x000000070e200000|  0%| F|  |TAMS 0x000000070e100000, 0x000000070e100000| Untracked 
|  62|0x000000070e200000, 0x000000070e200000, 0x000000070e300000|  0%| F|  |TAMS 0x000000070e200000, 0x000000070e200000| Untracked 
|  63|0x000000070e300000, 0x000000070e300000, 0x000000070e400000|  0%| F|  |TAMS 0x000000070e300000, 0x000000070e300000| Untracked 
|  64|0x000000070e400000, 0x000000070e400000, 0x000000070e500000|  0%| F|  |TAMS 0x000000070e400000, 0x000000070e400000| Untracked 
|  65|0x000000070e500000, 0x000000070e500000, 0x000000070e600000|  0%| F|  |TAMS 0x000000070e500000, 0x000000070e500000| Untracked 
|  66|0x000000070e600000, 0x000000070e600000, 0x000000070e700000|  0%| F|  |TAMS 0x000000070e600000, 0x000000070e600000| Untracked 
|  67|0x000000070e700000, 0x000000070e700000, 0x000000070e800000|  0%| F|  |TAMS 0x000000070e700000, 0x000000070e700000| Untracked 
|  68|0x000000070e800000, 0x000000070e800000, 0x000000070e900000|  0%| F|  |TAMS 0x000000070e800000, 0x000000070e800000| Untracked 
|  69|0x000000070e900000, 0x000000070e900000, 0x000000070ea00000|  0%| F|  |TAMS 0x000000070e900000, 0x000000070e900000| Untracked 
|  70|0x000000070ea00000, 0x000000070ea00000, 0x000000070eb00000|  0%| F|  |TAMS 0x000000070ea00000, 0x000000070ea00000| Untracked 
|  71|0x000000070eb00000, 0x000000070eb00000, 0x000000070ec00000|  0%| F|  |TAMS 0x000000070eb00000, 0x000000070eb00000| Untracked 
|  72|0x000000070ec00000, 0x000000070ec00000, 0x000000070ed00000|  0%| F|  |TAMS 0x000000070ec00000, 0x000000070ec00000| Untracked 
|  73|0x000000070ed00000, 0x000000070ed00000, 0x000000070ee00000|  0%| F|  |TAMS 0x000000070ed00000, 0x000000070ed00000| Untracked 
|  74|0x000000070ee00000, 0x000000070ee00000, 0x000000070ef00000|  0%| F|  |TAMS 0x000000070ee00000, 0x000000070ee00000| Untracked 
|  75|0x000000070ef00000, 0x000000070ef00000, 0x000000070f000000|  0%| F|  |TAMS 0x000000070ef00000, 0x000000070ef00000| Untracked 
|  76|0x000000070f000000, 0x000000070f000000, 0x000000070f100000|  0%| F|  |TAMS 0x000000070f000000, 0x000000070f000000| Untracked 
|  77|0x000000070f100000, 0x000000070f100000, 0x000000070f200000|  0%| F|  |TAMS 0x000000070f100000, 0x000000070f100000| Untracked 
|  78|0x000000070f200000, 0x000000070f200000, 0x000000070f300000|  0%| F|  |TAMS 0x000000070f200000, 0x000000070f200000| Untracked 
|  79|0x000000070f300000, 0x000000070f300000, 0x000000070f400000|  0%| F|  |TAMS 0x000000070f300000, 0x000000070f300000| Untracked 
|  80|0x000000070f400000, 0x000000070f400000, 0x000000070f500000|  0%| F|  |TAMS 0x000000070f400000, 0x000000070f400000| Untracked 
|  81|0x000000070f500000, 0x000000070f500000, 0x000000070f600000|  0%| F|  |TAMS 0x000000070f500000, 0x000000070f500000| Untracked 
|  82|0x000000070f600000, 0x000000070f600000, 0x000000070f700000|  0%| F|  |TAMS 0x000000070f600000, 0x000000070f600000| Untracked 
|  83|0x000000070f700000, 0x000000070f700000, 0x000000070f800000|  0%| F|  |TAMS 0x000000070f700000, 0x000000070f700000| Untracked 
|  84|0x000000070f800000, 0x000000070f800000, 0x000000070f900000|  0%| F|  |TAMS 0x000000070f800000, 0x000000070f800000| Untracked 
|  85|0x000000070f900000, 0x000000070f900000, 0x000000070fa00000|  0%| F|  |TAMS 0x000000070f900000, 0x000000070f900000| Untracked 
|  86|0x000000070fa00000, 0x000000070fa00000, 0x000000070fb00000|  0%| F|  |TAMS 0x000000070fa00000, 0x000000070fa00000| Untracked 
|  87|0x000000070fb00000, 0x000000070fb00000, 0x000000070fc00000|  0%| F|  |TAMS 0x000000070fb00000, 0x000000070fb00000| Untracked 
|  88|0x000000070fc00000, 0x000000070fc00000, 0x000000070fd00000|  0%| F|  |TAMS 0x000000070fc00000, 0x000000070fc00000| Untracked 
|  89|0x000000070fd00000, 0x000000070fd00000, 0x000000070fe00000|  0%| F|  |TAMS 0x000000070fd00000, 0x000000070fd00000| Untracked 
|  90|0x000000070fe00000, 0x000000070fe00000, 0x000000070ff00000|  0%| F|  |TAMS 0x000000070fe00000, 0x000000070fe00000| Untracked 
|  91|0x000000070ff00000, 0x000000070ff00000, 0x0000000710000000|  0%| F|  |TAMS 0x000000070ff00000, 0x000000070ff00000| Untracked 
|  92|0x0000000710000000, 0x0000000710000000, 0x0000000710100000|  0%| F|  |TAMS 0x0000000710000000, 0x0000000710000000| Untracked 
|  93|0x0000000710100000, 0x0000000710100000, 0x0000000710200000|  0%| F|  |TAMS 0x0000000710100000, 0x0000000710100000| Untracked 
|  94|0x0000000710200000, 0x0000000710200000, 0x0000000710300000|  0%| F|  |TAMS 0x0000000710200000, 0x0000000710200000| Untracked 
|  95|0x0000000710300000, 0x0000000710300000, 0x0000000710400000|  0%| F|  |TAMS 0x0000000710300000, 0x0000000710300000| Untracked 
|  96|0x0000000710400000, 0x0000000710400000, 0x0000000710500000|  0%| F|  |TAMS 0x0000000710400000, 0x0000000710400000| Untracked 
|  97|0x0000000710500000, 0x0000000710500000, 0x0000000710600000|  0%| F|  |TAMS 0x0000000710500000, 0x0000000710500000| Untracked 
|  98|0x0000000710600000, 0x0000000710600000, 0x0000000710700000|  0%| F|  |TAMS 0x0000000710600000, 0x0000000710600000| Untracked 
|  99|0x0000000710700000, 0x0000000710700000, 0x0000000710800000|  0%| F|  |TAMS 0x0000000710700000, 0x0000000710700000| Untracked 
| 100|0x0000000710800000, 0x0000000710800000, 0x0000000710900000|  0%| F|  |TAMS 0x0000000710800000, 0x0000000710800000| Untracked 
| 101|0x0000000710900000, 0x0000000710900000, 0x0000000710a00000|  0%| F|  |TAMS 0x0000000710900000, 0x0000000710900000| Untracked 
| 102|0x0000000710a00000, 0x0000000710a00000, 0x0000000710b00000|  0%| F|  |TAMS 0x0000000710a00000, 0x0000000710a00000| Untracked 
| 103|0x0000000710b00000, 0x0000000710b00000, 0x0000000710c00000|  0%| F|  |TAMS 0x0000000710b00000, 0x0000000710b00000| Untracked 
| 104|0x0000000710c00000, 0x0000000710c00000, 0x0000000710d00000|  0%| F|  |TAMS 0x0000000710c00000, 0x0000000710c00000| Untracked 
| 105|0x0000000710d00000, 0x0000000710d00000, 0x0000000710e00000|  0%| F|  |TAMS 0x0000000710d00000, 0x0000000710d00000| Untracked 
| 106|0x0000000710e00000, 0x0000000710e00000, 0x0000000710f00000|  0%| F|  |TAMS 0x0000000710e00000, 0x0000000710e00000| Untracked 
| 107|0x0000000710f00000, 0x0000000710f00000, 0x0000000711000000|  0%| F|  |TAMS 0x0000000710f00000, 0x0000000710f00000| Untracked 
| 108|0x0000000711000000, 0x0000000711000000, 0x0000000711100000|  0%| F|  |TAMS 0x0000000711000000, 0x0000000711000000| Untracked 
| 109|0x0000000711100000, 0x0000000711100000, 0x0000000711200000|  0%| F|  |TAMS 0x0000000711100000, 0x0000000711100000| Untracked 
| 110|0x0000000711200000, 0x0000000711200000, 0x0000000711300000|  0%| F|  |TAMS 0x0000000711200000, 0x0000000711200000| Untracked 
| 111|0x0000000711300000, 0x0000000711300000, 0x0000000711400000|  0%| F|  |TAMS 0x0000000711300000, 0x0000000711300000| Untracked 
| 112|0x0000000711400000, 0x0000000711400000, 0x0000000711500000|  0%| F|  |TAMS 0x0000000711400000, 0x0000000711400000| Untracked 
| 113|0x0000000711500000, 0x0000000711500000, 0x0000000711600000|  0%| F|  |TAMS 0x0000000711500000, 0x0000000711500000| Untracked 
| 114|0x0000000711600000, 0x0000000711600000, 0x0000000711700000|  0%| F|  |TAMS 0x0000000711600000, 0x0000000711600000| Untracked 
| 115|0x0000000711700000, 0x0000000711700000, 0x0000000711800000|  0%| F|  |TAMS 0x0000000711700000, 0x0000000711700000| Untracked 
| 116|0x0000000711800000, 0x0000000711800000, 0x0000000711900000|  0%| F|  |TAMS 0x0000000711800000, 0x0000000711800000| Untracked 
| 117|0x0000000711900000, 0x0000000711900000, 0x0000000711a00000|  0%| F|  |TAMS 0x0000000711900000, 0x0000000711900000| Untracked 
| 118|0x0000000711a00000, 0x0000000711a00000, 0x0000000711b00000|  0%| F|  |TAMS 0x0000000711a00000, 0x0000000711a00000| Untracked 
| 119|0x0000000711b00000, 0x0000000711b00000, 0x0000000711c00000|  0%| F|  |TAMS 0x0000000711b00000, 0x0000000711b00000| Untracked 
| 120|0x0000000711c00000, 0x0000000711c00000, 0x0000000711d00000|  0%| F|  |TAMS 0x0000000711c00000, 0x0000000711c00000| Untracked 
| 121|0x0000000711d00000, 0x0000000711d00000, 0x0000000711e00000|  0%| F|  |TAMS 0x0000000711d00000, 0x0000000711d00000| Untracked 
| 122|0x0000000711e00000, 0x0000000711e00000, 0x0000000711f00000|  0%| F|  |TAMS 0x0000000711e00000, 0x0000000711e00000| Untracked 
| 123|0x0000000711f00000, 0x0000000711f00000, 0x0000000712000000|  0%| F|  |TAMS 0x0000000711f00000, 0x0000000711f00000| Untracked 
| 124|0x0000000712000000, 0x0000000712000000, 0x0000000712100000|  0%| F|  |TAMS 0x0000000712000000, 0x0000000712000000| Untracked 
| 125|0x0000000712100000, 0x0000000712100000, 0x0000000712200000|  0%| F|  |TAMS 0x0000000712100000, 0x0000000712100000| Untracked 
| 126|0x0000000712200000, 0x0000000712200000, 0x0000000712300000|  0%| F|  |TAMS 0x0000000712200000, 0x0000000712200000| Untracked 
| 127|0x0000000712300000, 0x0000000712300000, 0x0000000712400000|  0%| F|  |TAMS 0x0000000712300000, 0x0000000712300000| Untracked 
| 128|0x0000000712400000, 0x0000000712400000, 0x0000000712500000|  0%| F|  |TAMS 0x0000000712400000, 0x0000000712400000| Untracked 
| 129|0x0000000712500000, 0x0000000712500000, 0x0000000712600000|  0%| F|  |TAMS 0x0000000712500000, 0x0000000712500000| Untracked 
| 130|0x0000000712600000, 0x0000000712600000, 0x0000000712700000|  0%| F|  |TAMS 0x0000000712600000, 0x0000000712600000| Untracked 
| 131|0x0000000712700000, 0x0000000712700000, 0x0000000712800000|  0%| F|  |TAMS 0x0000000712700000, 0x0000000712700000| Untracked 
| 132|0x0000000712800000, 0x0000000712800000, 0x0000000712900000|  0%| F|  |TAMS 0x0000000712800000, 0x0000000712800000| Untracked 
| 133|0x0000000712900000, 0x0000000712900000, 0x0000000712a00000|  0%| F|  |TAMS 0x0000000712900000, 0x0000000712900000| Untracked 
| 134|0x0000000712a00000, 0x0000000712a00000, 0x0000000712b00000|  0%| F|  |TAMS 0x0000000712a00000, 0x0000000712a00000| Untracked 
| 135|0x0000000712b00000, 0x0000000712b00000, 0x0000000712c00000|  0%| F|  |TAMS 0x0000000712b00000, 0x0000000712b00000| Untracked 
| 136|0x0000000712c00000, 0x0000000712c00000, 0x0000000712d00000|  0%| F|  |TAMS 0x0000000712c00000, 0x0000000712c00000| Untracked 
| 137|0x0000000712d00000, 0x0000000712d00000, 0x0000000712e00000|  0%| F|  |TAMS 0x0000000712d00000, 0x0000000712d00000| Untracked 
| 138|0x0000000712e00000, 0x0000000712e00000, 0x0000000712f00000|  0%| F|  |TAMS 0x0000000712e00000, 0x0000000712e00000| Untracked 
| 139|0x0000000712f00000, 0x0000000712f00000, 0x0000000713000000|  0%| F|  |TAMS 0x0000000712f00000, 0x0000000712f00000| Untracked 
| 140|0x0000000713000000, 0x0000000713000000, 0x0000000713100000|  0%| F|  |TAMS 0x0000000713000000, 0x0000000713000000| Untracked 
| 141|0x0000000713100000, 0x0000000713100000, 0x0000000713200000|  0%| F|  |TAMS 0x0000000713100000, 0x0000000713100000| Untracked 
| 142|0x0000000713200000, 0x0000000713200000, 0x0000000713300000|  0%| F|  |TAMS 0x0000000713200000, 0x0000000713200000| Untracked 
| 143|0x0000000713300000, 0x0000000713300000, 0x0000000713400000|  0%| F|  |TAMS 0x0000000713300000, 0x0000000713300000| Untracked 
| 144|0x0000000713400000, 0x0000000713400000, 0x0000000713500000|  0%| F|  |TAMS 0x0000000713400000, 0x0000000713400000| Untracked 
| 145|0x0000000713500000, 0x0000000713500000, 0x0000000713600000|  0%| F|  |TAMS 0x0000000713500000, 0x0000000713500000| Untracked 
| 146|0x0000000713600000, 0x0000000713600000, 0x0000000713700000|  0%| F|  |TAMS 0x0000000713600000, 0x0000000713600000| Untracked 
| 147|0x0000000713700000, 0x0000000713700000, 0x0000000713800000|  0%| F|  |TAMS 0x0000000713700000, 0x0000000713700000| Untracked 
| 148|0x0000000713800000, 0x0000000713800000, 0x0000000713900000|  0%| F|  |TAMS 0x0000000713800000, 0x0000000713800000| Untracked 
| 149|0x0000000713900000, 0x0000000713900000, 0x0000000713a00000|  0%| F|  |TAMS 0x0000000713900000, 0x0000000713900000| Untracked 
| 150|0x0000000713a00000, 0x0000000713a00000, 0x0000000713b00000|  0%| F|  |TAMS 0x0000000713a00000, 0x0000000713a00000| Untracked 
| 151|0x0000000713b00000, 0x0000000713b00000, 0x0000000713c00000|  0%| F|  |TAMS 0x0000000713b00000, 0x0000000713b00000| Untracked 
| 152|0x0000000713c00000, 0x0000000713c00000, 0x0000000713d00000|  0%| F|  |TAMS 0x0000000713c00000, 0x0000000713c00000| Untracked 
| 153|0x0000000713d00000, 0x0000000713d00000, 0x0000000713e00000|  0%| F|  |TAMS 0x0000000713d00000, 0x0000000713d00000| Untracked 
| 154|0x0000000713e00000, 0x0000000713e00000, 0x0000000713f00000|  0%| F|  |TAMS 0x0000000713e00000, 0x0000000713e00000| Untracked 
| 155|0x0000000713f00000, 0x0000000713f00000, 0x0000000714000000|  0%| F|  |TAMS 0x0000000713f00000, 0x0000000713f00000| Untracked 
| 156|0x0000000714000000, 0x0000000714000000, 0x0000000714100000|  0%| F|  |TAMS 0x0000000714000000, 0x0000000714000000| Untracked 
| 157|0x0000000714100000, 0x0000000714100000, 0x0000000714200000|  0%| F|  |TAMS 0x0000000714100000, 0x0000000714100000| Untracked 
| 158|0x0000000714200000, 0x0000000714200000, 0x0000000714300000|  0%| F|  |TAMS 0x0000000714200000, 0x0000000714200000| Untracked 
| 159|0x0000000714300000, 0x0000000714300000, 0x0000000714400000|  0%| F|  |TAMS 0x0000000714300000, 0x0000000714300000| Untracked 
| 160|0x0000000714400000, 0x0000000714400000, 0x0000000714500000|  0%| F|  |TAMS 0x0000000714400000, 0x0000000714400000| Untracked 
| 161|0x0000000714500000, 0x0000000714500000, 0x0000000714600000|  0%| F|  |TAMS 0x0000000714500000, 0x0000000714500000| Untracked 
| 162|0x0000000714600000, 0x0000000714600000, 0x0000000714700000|  0%| F|  |TAMS 0x0000000714600000, 0x0000000714600000| Untracked 
| 163|0x0000000714700000, 0x0000000714700000, 0x0000000714800000|  0%| F|  |TAMS 0x0000000714700000, 0x0000000714700000| Untracked 
| 164|0x0000000714800000, 0x0000000714800000, 0x0000000714900000|  0%| F|  |TAMS 0x0000000714800000, 0x0000000714800000| Untracked 
| 165|0x0000000714900000, 0x0000000714900000, 0x0000000714a00000|  0%| F|  |TAMS 0x0000000714900000, 0x0000000714900000| Untracked 
| 166|0x0000000714a00000, 0x0000000714a00000, 0x0000000714b00000|  0%| F|  |TAMS 0x0000000714a00000, 0x0000000714a00000| Untracked 
| 167|0x0000000714b00000, 0x0000000714b00000, 0x0000000714c00000|  0%| F|  |TAMS 0x0000000714b00000, 0x0000000714b00000| Untracked 
| 168|0x0000000714c00000, 0x0000000714c00000, 0x0000000714d00000|  0%| F|  |TAMS 0x0000000714c00000, 0x0000000714c00000| Untracked 
| 169|0x0000000714d00000, 0x0000000714d00000, 0x0000000714e00000|  0%| F|  |TAMS 0x0000000714d00000, 0x0000000714d00000| Untracked 
| 170|0x0000000714e00000, 0x0000000714e00000, 0x0000000714f00000|  0%| F|  |TAMS 0x0000000714e00000, 0x0000000714e00000| Untracked 
| 171|0x0000000714f00000, 0x0000000714f00000, 0x0000000715000000|  0%| F|  |TAMS 0x0000000714f00000, 0x0000000714f00000| Untracked 
| 172|0x0000000715000000, 0x0000000715000000, 0x0000000715100000|  0%| F|  |TAMS 0x0000000715000000, 0x0000000715000000| Untracked 
| 173|0x0000000715100000, 0x0000000715100000, 0x0000000715200000|  0%| F|  |TAMS 0x0000000715100000, 0x0000000715100000| Untracked 
| 174|0x0000000715200000, 0x0000000715200000, 0x0000000715300000|  0%| F|  |TAMS 0x0000000715200000, 0x0000000715200000| Untracked 
| 175|0x0000000715300000, 0x0000000715300000, 0x0000000715400000|  0%| F|  |TAMS 0x0000000715300000, 0x0000000715300000| Untracked 
| 176|0x0000000715400000, 0x0000000715400000, 0x0000000715500000|  0%| F|  |TAMS 0x0000000715400000, 0x0000000715400000| Untracked 
| 177|0x0000000715500000, 0x0000000715500000, 0x0000000715600000|  0%| F|  |TAMS 0x0000000715500000, 0x0000000715500000| Untracked 
| 178|0x0000000715600000, 0x0000000715600000, 0x0000000715700000|  0%| F|  |TAMS 0x0000000715600000, 0x0000000715600000| Untracked 
| 179|0x0000000715700000, 0x0000000715700000, 0x0000000715800000|  0%| F|  |TAMS 0x0000000715700000, 0x0000000715700000| Untracked 
| 180|0x0000000715800000, 0x0000000715800000, 0x0000000715900000|  0%| F|  |TAMS 0x0000000715800000, 0x0000000715800000| Untracked 
| 181|0x0000000715900000, 0x0000000715900000, 0x0000000715a00000|  0%| F|  |TAMS 0x0000000715900000, 0x0000000715900000| Untracked 
| 182|0x0000000715a00000, 0x0000000715a00000, 0x0000000715b00000|  0%| F|  |TAMS 0x0000000715a00000, 0x0000000715a00000| Untracked 
| 183|0x0000000715b00000, 0x0000000715b00000, 0x0000000715c00000|  0%| F|  |TAMS 0x0000000715b00000, 0x0000000715b00000| Untracked 
| 184|0x0000000715c00000, 0x0000000715c00000, 0x0000000715d00000|  0%| F|  |TAMS 0x0000000715c00000, 0x0000000715c00000| Untracked 
| 185|0x0000000715d00000, 0x0000000715d00000, 0x0000000715e00000|  0%| F|  |TAMS 0x0000000715d00000, 0x0000000715d00000| Untracked 
| 186|0x0000000715e00000, 0x0000000715e00000, 0x0000000715f00000|  0%| F|  |TAMS 0x0000000715e00000, 0x0000000715e00000| Untracked 
| 187|0x0000000715f00000, 0x0000000715f00000, 0x0000000716000000|  0%| F|  |TAMS 0x0000000715f00000, 0x0000000715f00000| Untracked 
| 188|0x0000000716000000, 0x0000000716000000, 0x0000000716100000|  0%| F|  |TAMS 0x0000000716000000, 0x0000000716000000| Untracked 
| 189|0x0000000716100000, 0x0000000716100000, 0x0000000716200000|  0%| F|  |TAMS 0x0000000716100000, 0x0000000716100000| Untracked 
| 190|0x0000000716200000, 0x0000000716200000, 0x0000000716300000|  0%| F|  |TAMS 0x0000000716200000, 0x0000000716200000| Untracked 
| 191|0x0000000716300000, 0x0000000716300000, 0x0000000716400000|  0%| F|  |TAMS 0x0000000716300000, 0x0000000716300000| Untracked 
| 192|0x0000000716400000, 0x0000000716400000, 0x0000000716500000|  0%| F|  |TAMS 0x0000000716400000, 0x0000000716400000| Untracked 
| 193|0x0000000716500000, 0x0000000716500000, 0x0000000716600000|  0%| F|  |TAMS 0x0000000716500000, 0x0000000716500000| Untracked 
| 194|0x0000000716600000, 0x0000000716600000, 0x0000000716700000|  0%| F|  |TAMS 0x0000000716600000, 0x0000000716600000| Untracked 
| 195|0x0000000716700000, 0x0000000716700000, 0x0000000716800000|  0%| F|  |TAMS 0x0000000716700000, 0x0000000716700000| Untracked 
| 196|0x0000000716800000, 0x0000000716800000, 0x0000000716900000|  0%| F|  |TAMS 0x0000000716800000, 0x0000000716800000| Untracked 
| 197|0x0000000716900000, 0x0000000716900000, 0x0000000716a00000|  0%| F|  |TAMS 0x0000000716900000, 0x0000000716900000| Untracked 
| 198|0x0000000716a00000, 0x0000000716a00000, 0x0000000716b00000|  0%| F|  |TAMS 0x0000000716a00000, 0x0000000716a00000| Untracked 
| 199|0x0000000716b00000, 0x0000000716b00000, 0x0000000716c00000|  0%| F|  |TAMS 0x0000000716b00000, 0x0000000716b00000| Untracked 
| 200|0x0000000716c00000, 0x0000000716c00000, 0x0000000716d00000|  0%| F|  |TAMS 0x0000000716c00000, 0x0000000716c00000| Untracked 
| 201|0x0000000716d00000, 0x0000000716d00000, 0x0000000716e00000|  0%| F|  |TAMS 0x0000000716d00000, 0x0000000716d00000| Untracked 
| 202|0x0000000716e00000, 0x0000000716e00000, 0x0000000716f00000|  0%| F|  |TAMS 0x0000000716e00000, 0x0000000716e00000| Untracked 
| 203|0x0000000716f00000, 0x0000000716f00000, 0x0000000717000000|  0%| F|  |TAMS 0x0000000716f00000, 0x0000000716f00000| Untracked 
| 204|0x0000000717000000, 0x0000000717000000, 0x0000000717100000|  0%| F|  |TAMS 0x0000000717000000, 0x0000000717000000| Untracked 
| 205|0x0000000717100000, 0x0000000717100000, 0x0000000717200000|  0%| F|  |TAMS 0x0000000717100000, 0x0000000717100000| Untracked 
| 206|0x0000000717200000, 0x0000000717200000, 0x0000000717300000|  0%| F|  |TAMS 0x0000000717200000, 0x0000000717200000| Untracked 
| 207|0x0000000717300000, 0x0000000717300000, 0x0000000717400000|  0%| F|  |TAMS 0x0000000717300000, 0x0000000717300000| Untracked 
| 208|0x0000000717400000, 0x0000000717400000, 0x0000000717500000|  0%| F|  |TAMS 0x0000000717400000, 0x0000000717400000| Untracked 
| 209|0x0000000717500000, 0x0000000717500000, 0x0000000717600000|  0%| F|  |TAMS 0x0000000717500000, 0x0000000717500000| Untracked 
| 210|0x0000000717600000, 0x00000007176e2000, 0x0000000717700000| 88%| S|CS|TAMS 0x0000000717600000, 0x0000000717600000| Complete 
| 211|0x0000000717700000, 0x0000000717800000, 0x0000000717800000|100%| S|CS|TAMS 0x0000000717700000, 0x0000000717700000| Complete 
| 212|0x0000000717800000, 0x0000000717900000, 0x0000000717900000|100%| S|CS|TAMS 0x0000000717800000, 0x0000000717800000| Complete 
| 213|0x0000000717900000, 0x0000000717a00000, 0x0000000717a00000|100%| S|CS|TAMS 0x0000000717900000, 0x0000000717900000| Complete 
| 214|0x0000000717a00000, 0x0000000717a00000, 0x0000000717b00000|  0%| F|  |TAMS 0x0000000717a00000, 0x0000000717a00000| Untracked 
| 215|0x0000000717b00000, 0x0000000717b00000, 0x0000000717c00000|  0%| F|  |TAMS 0x0000000717b00000, 0x0000000717b00000| Untracked 
| 216|0x0000000717c00000, 0x0000000717c00000, 0x0000000717d00000|  0%| F|  |TAMS 0x0000000717c00000, 0x0000000717c00000| Untracked 
| 217|0x0000000717d00000, 0x0000000717d00000, 0x0000000717e00000|  0%| F|  |TAMS 0x0000000717d00000, 0x0000000717d00000| Untracked 
| 218|0x0000000717e00000, 0x0000000717e00000, 0x0000000717f00000|  0%| F|  |TAMS 0x0000000717e00000, 0x0000000717e00000| Untracked 
| 219|0x0000000717f00000, 0x0000000717f00000, 0x0000000718000000|  0%| F|  |TAMS 0x0000000717f00000, 0x0000000717f00000| Untracked 
| 220|0x0000000718000000, 0x0000000718000000, 0x0000000718100000|  0%| F|  |TAMS 0x0000000718000000, 0x0000000718000000| Untracked 
| 221|0x0000000718100000, 0x0000000718100000, 0x0000000718200000|  0%| F|  |TAMS 0x0000000718100000, 0x0000000718100000| Untracked 
| 222|0x0000000718200000, 0x0000000718200000, 0x0000000718300000|  0%| F|  |TAMS 0x0000000718200000, 0x0000000718200000| Untracked 
| 223|0x0000000718300000, 0x0000000718300000, 0x0000000718400000|  0%| F|  |TAMS 0x0000000718300000, 0x0000000718300000| Untracked 
| 224|0x0000000718400000, 0x0000000718400000, 0x0000000718500000|  0%| F|  |TAMS 0x0000000718400000, 0x0000000718400000| Untracked 
| 225|0x0000000718500000, 0x0000000718500000, 0x0000000718600000|  0%| F|  |TAMS 0x0000000718500000, 0x0000000718500000| Untracked 
| 226|0x0000000718600000, 0x0000000718600000, 0x0000000718700000|  0%| F|  |TAMS 0x0000000718600000, 0x0000000718600000| Untracked 
| 227|0x0000000718700000, 0x0000000718700000, 0x0000000718800000|  0%| F|  |TAMS 0x0000000718700000, 0x0000000718700000| Untracked 
| 228|0x0000000718800000, 0x0000000718800000, 0x0000000718900000|  0%| F|  |TAMS 0x0000000718800000, 0x0000000718800000| Untracked 
| 229|0x0000000718900000, 0x0000000718900000, 0x0000000718a00000|  0%| F|  |TAMS 0x0000000718900000, 0x0000000718900000| Untracked 
| 230|0x0000000718a00000, 0x0000000718a00000, 0x0000000718b00000|  0%| F|  |TAMS 0x0000000718a00000, 0x0000000718a00000| Untracked 
| 231|0x0000000718b00000, 0x0000000718b00000, 0x0000000718c00000|  0%| F|  |TAMS 0x0000000718b00000, 0x0000000718b00000| Untracked 
| 232|0x0000000718c00000, 0x0000000718c00000, 0x0000000718d00000|  0%| F|  |TAMS 0x0000000718c00000, 0x0000000718c00000| Untracked 
| 233|0x0000000718d00000, 0x0000000718d00000, 0x0000000718e00000|  0%| F|  |TAMS 0x0000000718d00000, 0x0000000718d00000| Untracked 
| 234|0x0000000718e00000, 0x0000000718e00000, 0x0000000718f00000|  0%| F|  |TAMS 0x0000000718e00000, 0x0000000718e00000| Untracked 
| 235|0x0000000718f00000, 0x0000000718f00000, 0x0000000719000000|  0%| F|  |TAMS 0x0000000718f00000, 0x0000000718f00000| Untracked 
| 236|0x0000000719000000, 0x0000000719000000, 0x0000000719100000|  0%| F|  |TAMS 0x0000000719000000, 0x0000000719000000| Untracked 
| 237|0x0000000719100000, 0x0000000719100000, 0x0000000719200000|  0%| F|  |TAMS 0x0000000719100000, 0x0000000719100000| Untracked 
| 238|0x0000000719200000, 0x0000000719200000, 0x0000000719300000|  0%| F|  |TAMS 0x0000000719200000, 0x0000000719200000| Untracked 
| 239|0x0000000719300000, 0x0000000719300000, 0x0000000719400000|  0%| F|  |TAMS 0x0000000719300000, 0x0000000719300000| Untracked 
| 240|0x0000000719400000, 0x0000000719400000, 0x0000000719500000|  0%| F|  |TAMS 0x0000000719400000, 0x0000000719400000| Untracked 
| 241|0x0000000719500000, 0x0000000719500000, 0x0000000719600000|  0%| F|  |TAMS 0x0000000719500000, 0x0000000719500000| Untracked 
| 242|0x0000000719600000, 0x0000000719600000, 0x0000000719700000|  0%| F|  |TAMS 0x0000000719600000, 0x0000000719600000| Untracked 
| 243|0x0000000719700000, 0x0000000719700000, 0x0000000719800000|  0%| F|  |TAMS 0x0000000719700000, 0x0000000719700000| Untracked 
| 244|0x0000000719800000, 0x0000000719800000, 0x0000000719900000|  0%| F|  |TAMS 0x0000000719800000, 0x0000000719800000| Untracked 
| 245|0x0000000719900000, 0x0000000719900000, 0x0000000719a00000|  0%| F|  |TAMS 0x0000000719900000, 0x0000000719900000| Untracked 

Card table byte_map: [0x000001df47550000,0x000001df47d00000] _byte_map_base: 0x000001df43cfe000

Marking Bits (Prev, Next): (CMBitMap*) 0x000001df33a70498, (CMBitMap*) 0x000001df33a704d0
 Prev Bits: [0x000001df484b0000, 0x000001df4c220000)
 Next Bits: [0x000001df4c220000, 0x000001df4ff90000)

Polling page: 0x000001df331f0000

Metaspace:

Usage:
  Non-class:     34.66 MB capacity,    34.39 MB (>99%) used,   222.16 KB ( <1%) free+waste,    57.38 KB ( <1%) overhead. 
      Class:      4.85 MB capacity,     4.67 MB ( 96%) used,   159.49 KB (  3%) free+waste,    25.94 KB ( <1%) overhead. 
       Both:     39.51 MB capacity,    39.05 MB ( 99%) used,   381.65 KB ( <1%) free+waste,    83.31 KB ( <1%) overhead. 

Virtual space:
  Non-class space:       36.00 MB reserved,      34.75 MB ( 97%) committed 
      Class space:        1.00 GB reserved,       4.88 MB ( <1%) committed 
             Both:        1.04 GB reserved,      39.63 MB (  4%) committed 

Chunk freelists:
   Non-Class:  30.00 KB
       Class:  28.00 KB
        Both:  58.00 KB

MaxMetaspaceSize: 17179869184.00 GB
CompressedClassSpaceSize: 1.00 GB
Initial GC threshold: 20.80 MB
Current GC threshold: 58.34 MB
CDS: off

CodeHeap 'non-profiled nmethods': size=119168Kb used=1176Kb max_used=1176Kb free=117991Kb
 bounds [0x000001df3f0c0000, 0x000001df3f330000, 0x000001df46520000]
CodeHeap 'profiled nmethods': size=119168Kb used=6242Kb max_used=6242Kb free=112925Kb
 bounds [0x000001df37c60000, 0x000001df38280000, 0x000001df3f0c0000]
CodeHeap 'non-nmethods': size=7424Kb used=2949Kb max_used=3001Kb free=4474Kb
 bounds [0x000001df37520000, 0x000001df37820000, 0x000001df37c60000]
 total_blobs=3513 nmethods=2976 adapters=446
 compilation: enabled
              stopped_count=0, restarted_count=0
 full_count=0

Compilation events (20 events):
Event: 1.931 Thread 0x000001df53b8d800 2969       3       jdk.internal.reflect.UnsafeQualifiedStaticObjectFieldAccessorImpl::<init> (7 bytes)
Event: 1.931 Thread 0x000001df539e4800 2970       3       jdk.internal.reflect.UnsafeQualifiedStaticFieldAccessorImpl::<init> (11 bytes)
Event: 1.931 Thread 0x000001df53f44000 nmethod 2968 0x000001df3826d210 code [0x000001df3826d420, 0x000001df3826d9b8]
Event: 1.931 Thread 0x000001df53f44000 2971       3       jdk.internal.reflect.UnsafeQualifiedStaticObjectFieldAccessorImpl::get (15 bytes)
Event: 1.931 Thread 0x000001df539e4800 nmethod 2970 0x000001df3826db90 code [0x000001df3826dd80, 0x000001df3826e148]
Event: 1.931 Thread 0x000001df53b8d800 nmethod 2969 0x000001df3826e310 code [0x000001df3826e500, 0x000001df3826e948]
Event: 1.932 Thread 0x000001df53f44000 nmethod 2971 0x000001df3826eb10 code [0x000001df3826ecc0, 0x000001df3826ee38]
Event: 1.933 Thread 0x000001df53de2800 nmethod 2956 0x000001df3826ef10 code [0x000001df3826f5a0, 0x000001df38272198]
Event: 1.934 Thread 0x000001df539e4800 2972       3       java.lang.invoke.MethodHandles$Lookup::findBoundCallerLookup (26 bytes)
Event: 1.934 Thread 0x000001df53b8d800 2973       3       java.lang.invoke.MethodHandles$Lookup::getDirectMethodCommon (275 bytes)
Event: 1.934 Thread 0x000001df53f44000 2974       3       java.lang.invoke.MethodHandles$Lookup::checkMethod (83 bytes)
Event: 1.934 Thread 0x000001df53de2800 2975       3       java.lang.invoke.MethodHandles$Lookup::maybeBindCaller (47 bytes)
Event: 1.934 Thread 0x000001df53de2800 nmethod 2975 0x000001df38272f90 code [0x000001df382731e0, 0x000001df38273ae8]
Event: 1.935 Thread 0x000001df53f44000 nmethod 2974 0x000001df38273e10 code [0x000001df38274040, 0x000001df38274798]
Event: 1.935 Thread 0x000001df539e4800 nmethod 2972 0x000001df38274a10 code [0x000001df38274c40, 0x000001df38275458]
Event: 1.935 Thread 0x000001df53de2800 2976       3       org.jetbrains.kotlin.container.ComponentRegistry::tryGetEntry (83 bytes)
Event: 1.935 Thread 0x000001df53b8d800 nmethod 2973 0x000001df38275710 code [0x000001df38275a60, 0x000001df38276d18]
Event: 1.936 Thread 0x000001df53de2800 nmethod 2976 0x000001df38277390 code [0x000001df38277680, 0x000001df382786f8]
Event: 1.937 Thread 0x000001df53f44000 2977       1       org.jetbrains.kotlin.container.ComponentResolveContext::getRequestingDescriptor (5 bytes)
Event: 1.937 Thread 0x000001df53f44000 nmethod 2977 0x000001df3f1e5e90 code [0x000001df3f1e6040, 0x000001df3f1e60f8]

GC Heap History (9 events):
Event: 0.417 GC heap before
{Heap before GC invocations=0 (full 0):
 garbage-first heap   total 251904K, used 27648K [0x000000070a400000, 0x0000000800000000)
  region size 1024K, 24 young (24576K), 0 survivors (0K)
 Metaspace       used 12271K, capacity 12344K, committed 12544K, reserved 1060864K
  class space    used 1151K, capacity 1175K, committed 1280K, reserved 1048576K
}
Event: 0.420 GC heap after
{Heap after GC invocations=1 (full 0):
 garbage-first heap   total 251904K, used 6089K [0x000000070a400000, 0x0000000800000000)
  region size 1024K, 3 young (3072K), 3 survivors (3072K)
 Metaspace       used 12271K, capacity 12344K, committed 12544K, reserved 1060864K
  class space    used 1151K, capacity 1175K, committed 1280K, reserved 1048576K
}
Event: 0.864 GC heap before
{Heap before GC invocations=1 (full 0):
 garbage-first heap   total 251904K, used 40905K [0x000000070a400000, 0x0000000800000000)
  region size 1024K, 38 young (38912K), 3 survivors (3072K)
 Metaspace       used 20903K, capacity 21118K, committed 21248K, reserved 1069056K
  class space    used 2201K, capacity 2280K, committed 2304K, reserved 1048576K
}
Event: 0.874 GC heap after
{Heap after GC invocations=2 (full 0):
 garbage-first heap   total 251904K, used 9214K [0x000000070a400000, 0x0000000800000000)
  region size 1024K, 6 young (6144K), 6 survivors (6144K)
 Metaspace       used 20903K, capacity 21118K, committed 21248K, reserved 1069056K
  class space    used 2201K, capacity 2280K, committed 2304K, reserved 1048576K
}
Event: 1.544 GC heap before
{Heap before GC invocations=3 (full 0):
 garbage-first heap   total 251904K, used 64510K [0x000000070a400000, 0x0000000800000000)
  region size 1024K, 55 young (56320K), 6 survivors (6144K)
 Metaspace       used 32950K, capacity 33396K, committed 33536K, reserved 1079296K
  class space    used 4098K, capacity 4278K, committed 4352K, reserved 1048576K
}
Event: 1.555 GC heap after
{Heap after GC invocations=4 (full 0):
 garbage-first heap   total 251904K, used 20048K [0x000000070a400000, 0x0000000800000000)
  region size 1024K, 7 young (7168K), 7 survivors (7168K)
 Metaspace       used 32950K, capacity 33396K, committed 33536K, reserved 1079296K
  class space    used 4098K, capacity 4278K, committed 4352K, reserved 1048576K
}
Event: 1.680 GC heap before
{Heap before GC invocations=4 (full 0):
 garbage-first heap   total 251904K, used 29264K [0x000000070a400000, 0x0000000800000000)
  region size 1024K, 17 young (17408K), 7 survivors (7168K)
 Metaspace       used 34961K, capacity 35424K, committed 35584K, reserved 1081344K
  class space    used 4305K, capacity 4506K, committed 4608K, reserved 1048576K
}
Event: 1.686 GC heap after
{Heap after GC invocations=5 (full 0):
 garbage-first heap   total 251904K, used 21766K [0x000000070a400000, 0x0000000800000000)
  region size 1024K, 6 young (6144K), 6 survivors (6144K)
 Metaspace       used 34961K, capacity 35424K, committed 35584K, reserved 1081344K
  class space    used 4305K, capacity 4506K, committed 4608K, reserved 1048576K
}
Event: 1.945 GC heap before
{Heap before GC invocations=6 (full 0):
 garbage-first heap   total 251904K, used 48390K [0x000000070a400000, 0x0000000800000000)
  region size 1024K, 32 young (32768K), 6 survivors (6144K)
 Metaspace       used 39989K, capacity 40454K, committed 40576K, reserved 1085440K
  class space    used 4778K, capacity 4964K, committed 4992K, reserved 1048576K
}

Deoptimization events (20 events):
Event: 1.840 Thread 0x000001df33a0b000 Uncommon trap: trap_request=0xffffff7e fr.pc=0x000001df3f1dcbac relative=0x00000000000005cc
Event: 1.840 Thread 0x000001df33a0b000 Uncommon trap: reason=predicate action=maybe_recompile pc=0x000001df3f1dcbac method=java.util.AbstractCollection.toArray([Ljava/lang/Object;)[Ljava/lang/Object; @ 43 c2
Event: 1.840 Thread 0x000001df33a0b000 DEOPT PACKING pc=0x000001df3f1dcbac sp=0x00000022dd4fd570
Event: 1.840 Thread 0x000001df33a0b000 DEOPT UNPACKING pc=0x000001df3756a1af sp=0x00000022dd4fd508 mode 2
Event: 1.872 Thread 0x000001df33a0b000 Uncommon trap: trap_request=0xffffffd6 fr.pc=0x000001df3f1e13d0 relative=0x0000000000000570
Event: 1.872 Thread 0x000001df33a0b000 Uncommon trap: reason=array_check action=maybe_recompile pc=0x000001df3f1e13d0 method=java.util.AbstractCollection.toArray([Ljava/lang/Object;)[Ljava/lang/Object; @ 116 c2
Event: 1.872 Thread 0x000001df33a0b000 DEOPT PACKING pc=0x000001df3f1e13d0 sp=0x00000022dd4fd3a0
Event: 1.872 Thread 0x000001df33a0b000 DEOPT UNPACKING pc=0x000001df3756a1af sp=0x00000022dd4fd340 mode 2
Event: 1.872 Thread 0x000001df33a0b000 Uncommon trap: trap_request=0xffffffd6 fr.pc=0x000001df3f1e13d0 relative=0x0000000000000570
Event: 1.872 Thread 0x000001df33a0b000 Uncommon trap: reason=array_check action=maybe_recompile pc=0x000001df3f1e13d0 method=java.util.AbstractCollection.toArray([Ljava/lang/Object;)[Ljava/lang/Object; @ 116 c2
Event: 1.872 Thread 0x000001df33a0b000 DEOPT PACKING pc=0x000001df3f1e13d0 sp=0x00000022dd4fd3a0
Event: 1.872 Thread 0x000001df33a0b000 DEOPT UNPACKING pc=0x000001df3756a1af sp=0x00000022dd4fd340 mode 2
Event: 1.872 Thread 0x000001df33a0b000 Uncommon trap: trap_request=0xffffffd6 fr.pc=0x000001df3f1e13d0 relative=0x0000000000000570
Event: 1.872 Thread 0x000001df33a0b000 Uncommon trap: reason=array_check action=maybe_recompile pc=0x000001df3f1e13d0 method=java.util.AbstractCollection.toArray([Ljava/lang/Object;)[Ljava/lang/Object; @ 116 c2
Event: 1.872 Thread 0x000001df33a0b000 DEOPT PACKING pc=0x000001df3f1e13d0 sp=0x00000022dd4fd3a0
Event: 1.872 Thread 0x000001df33a0b000 DEOPT UNPACKING pc=0x000001df3756a1af sp=0x00000022dd4fd340 mode 2
Event: 1.873 Thread 0x000001df33a0b000 Uncommon trap: trap_request=0xffffffd6 fr.pc=0x000001df3f1e13d0 relative=0x0000000000000570
Event: 1.873 Thread 0x000001df33a0b000 Uncommon trap: reason=array_check action=maybe_recompile pc=0x000001df3f1e13d0 method=java.util.AbstractCollection.toArray([Ljava/lang/Object;)[Ljava/lang/Object; @ 116 c2
Event: 1.873 Thread 0x000001df33a0b000 DEOPT PACKING pc=0x000001df3f1e13d0 sp=0x00000022dd4fd3a0
Event: 1.873 Thread 0x000001df33a0b000 DEOPT UNPACKING pc=0x000001df3756a1af sp=0x00000022dd4fd340 mode 2

Classes redefined (0 events):
No events

Internal exceptions (20 events):
Event: 0.856 Thread 0x000001df33a0b000 Exception <a 'java/lang/NoSuchMethodError'{0x00000007175d52c0}: 'long java.lang.invoke.DirectMethodHandle$Holder.invokeStaticInit(java.lang.Object)'> (0x00000007175d52c0) thrown at [./src/hotspot/share/interpreter/linkResolver.cpp, line 773]
Event: 0.904 Thread 0x000001df33a0b000 Exception <a 'java/lang/NoSuchMethodError'{0x000000071965abd8}: 'int java.lang.invoke.DirectMethodHandle$Holder.invokeStaticInit(java.lang.Object, java.lang.Object, java.lang.Object)'> (0x000000071965abd8) thrown at [./src/hotspot/share/interpreter/linkResolver.cpp, line 773]
Event: 0.907 Thread 0x000001df33a0b000 Exception <a 'java/lang/NoSuchMethodError'{0x0000000719686950}: 'int java.lang.invoke.DirectMethodHandle$Holder.invokeStaticInit(java.lang.Object, java.lang.Object)'> (0x0000000719686950) thrown at [./src/hotspot/share/interpreter/linkResolver.cpp, line 773]
Event: 0.940 Thread 0x000001df33a0b000 Exception <a 'java/lang/NoSuchMethodError'{0x0000000719499858}: 'void java.lang.invoke.DirectMethodHandle$Holder.invokeSpecial(java.lang.Object, java.lang.Object)'> (0x0000000719499858) thrown at [./src/hotspot/share/interpreter/linkResolver.cpp, line 773]
Event: 1.057 Thread 0x000001df33a0b000 Exception <a 'java/lang/NoSuchMethodError'{0x0000000718b36990}: 'java.lang.Object java.lang.invoke.DirectMethodHandle$Holder.invokeStatic(java.lang.Object, java.lang.Object, java.lang.Object, java.lang.Object, java.lang.Object, java.lang.Object, java.lang.Object, java.lang.Object, java.lang.Object, java.lang.Object, java.lang.Object, java.lang.Object, java.lang.Object, java.lang.Object, java.lang.Object)'> (0x0000000718b36990) thrown at [./src/hotspot/share/interpreter/linkResolver.cpp, line 773]
Event: 1.058 Thread 0x000001df33a0b000 Exception <a 'java/lang/NoSuchMethodError'{0x0000000718b44998}: 'java.lang.Object java.lang.invoke.DirectMethodHandle$Holder.invokeStatic(java.lang.Object, java.lang.Object, java.lang.Object, java.lang.Object, java.lang.Object, java.lang.Object, java.lang.Object, java.lang.Object, java.lang.Object, java.lang.Object, java.lang.Object, java.lang.Object, java.lang.Object, java.lang.Object, java.lang.Object, java.lang.Object)'> (0x0000000718b44998) thrown at [./src/hotspot/share/interpreter/linkResolver.cpp, l
Event: 1.059 Thread 0x000001df33a0b000 Exception <a 'java/lang/NoSuchMethodError'{0x0000000718b528b0}: 'java.lang.Object java.lang.invoke.DirectMethodHandle$Holder.invokeSpecial(java.lang.Object, java.lang.Object, int, int, java.lang.Object, java.lang.Object, java.lang.Object)'> (0x0000000718b528b0) thrown at [./src/hotspot/share/interpreter/linkResolver.cpp, line 773]
Event: 1.059 Thread 0x000001df33a0b000 Exception <a 'java/lang/NoSuchMethodError'{0x0000000718b560e8}: 'java.lang.Object java.lang.invoke.DelegatingMethodHandle$Holder.reinvoke_L(java.lang.Object, int, int, java.lang.Object, java.lang.Object, java.lang.Object)'> (0x0000000718b560e8) thrown at [./src/hotspot/share/interpreter/linkResolver.cpp, line 773]
Event: 1.059 Thread 0x000001df33a0b000 Exception <a 'java/lang/NoSuchMethodError'{0x0000000718b5a470}: 'java.lang.Object java.lang.invoke.DirectMethodHandle$Holder.invokeStatic(java.lang.Object, java.lang.Object, java.lang.Object, java.lang.Object, int)'> (0x0000000718b5a470) thrown at [./src/hotspot/share/interpreter/linkResolver.cpp, line 773]
Event: 1.087 Thread 0x000001df33a0b000 Exception <a 'sun/nio/fs/WindowsException'{0x0000000718a998a8}> (0x0000000718a998a8) thrown at [./src/hotspot/share/prims/jni.cpp, line 615]
Event: 1.087 Thread 0x000001df33a0b000 Exception <a 'sun/nio/fs/WindowsException'{0x0000000718a9a130}> (0x0000000718a9a130) thrown at [./src/hotspot/share/prims/jni.cpp, line 615]
Event: 1.087 Thread 0x000001df33a0b000 Exception <a 'sun/nio/fs/WindowsException'{0x0000000718a9a9c8}> (0x0000000718a9a9c8) thrown at [./src/hotspot/share/prims/jni.cpp, line 615]
Event: 1.087 Thread 0x000001df33a0b000 Exception <a 'sun/nio/fs/WindowsException'{0x0000000718a9b3c8}> (0x0000000718a9b3c8) thrown at [./src/hotspot/share/prims/jni.cpp, line 615]
Event: 1.087 Thread 0x000001df33a0b000 Exception <a 'sun/nio/fs/WindowsException'{0x0000000718a9bcd0}> (0x0000000718a9bcd0) thrown at [./src/hotspot/share/prims/jni.cpp, line 615]
Event: 1.087 Thread 0x000001df33a0b000 Exception <a 'sun/nio/fs/WindowsException'{0x0000000718a9c608}> (0x0000000718a9c608) thrown at [./src/hotspot/share/prims/jni.cpp, line 615]
Event: 1.089 Thread 0x000001df33a0b000 Exception <a 'java/lang/NoSuchMethodError'{0x0000000718aa2eb8}: 'void java.lang.invoke.DirectMethodHandle$Holder.invokeStatic(java.lang.Object, java.lang.Object, java.lang.Object, java.lang.Object)'> (0x0000000718aa2eb8) thrown at [./src/hotspot/share/interpreter/linkResolver.cpp, line 773]
Event: 1.133 Thread 0x000001df33a0b000 Exception <a 'java/lang/NoSuchMethodError'{0x0000000718682e40}: 'void java.lang.invoke.DirectMethodHandle$Holder.invokeStaticInit(java.lang.Object, java.lang.Object)'> (0x0000000718682e40) thrown at [./src/hotspot/share/interpreter/linkResolver.cpp, line 773]
Event: 1.187 Thread 0x000001df33a0b000 Exception <a 'java/lang/NoSuchMethodError'{0x00000007182a43a8}: 'void java.lang.invoke.DirectMethodHandle$Holder.invokeVirtual(java.lang.Object, java.lang.Object)'> (0x00000007182a43a8) thrown at [./src/hotspot/share/interpreter/linkResolver.cpp, line 773]
Event: 1.194 Thread 0x000001df33a0b000 Exception <a 'java/lang/NoSuchMethodError'{0x0000000718116330}: 'int java.lang.invoke.DirectMethodHandle$Holder.invokeVirtual(java.lang.Object, java.lang.Object)'> (0x0000000718116330) thrown at [./src/hotspot/share/interpreter/linkResolver.cpp, line 773]
Event: 1.650 Thread 0x000001df33a0b000 Exception <a 'java/lang/NoSuchMethodError'{0x00000007193f1280}: 'java.lang.Object java.lang.invoke.DirectMethodHandle$Holder.invokeVirtual(java.lang.Object, java.lang.Object, java.lang.Object)'> (0x00000007193f1280) thrown at [./src/hotspot/share/interpreter/linkResolver.cpp, line 773]

Events (20 events):
Event: 1.938 loading class org/jetbrains/kotlin/resolve/StatementFilter$Companion done
Event: 1.938 loading class org/jetbrains/kotlin/resolve/StatementFilter$Companion$NONE$1
Event: 1.938 loading class org/jetbrains/kotlin/resolve/StatementFilter$Companion$NONE$1 done
Event: 1.938 loading class org/jetbrains/kotlin/resolve/calls/model/DataFlowInfoForArgumentsImpl
Event: 1.938 loading class org/jetbrains/kotlin/resolve/calls/model/DataFlowInfoForArgumentsImpl done
Event: 1.939 loading class org/jetbrains/kotlin/types/expressions/BasicExpressionTypingVisitor$1StringTemplateVisitor
Event: 1.939 loading class org/jetbrains/kotlin/types/expressions/BasicExpressionTypingVisitor$1StringTemplateVisitor done
Event: 1.940 loading class org/jetbrains/kotlin/types/expressions/ControlStructureTypingVisitor
Event: 1.940 loading class org/jetbrains/kotlin/types/expressions/ControlStructureTypingVisitor done
Event: 1.942 loading class org/jetbrains/kotlin/types/expressions/ControlStructureTypingVisitor$1
Event: 1.942 loading class org/jetbrains/kotlin/types/expressions/ControlStructureTypingVisitor$1 done
Event: 1.942 loading class org/jetbrains/kotlin/psi/KtTreeVisitor
Event: 1.942 loading class org/jetbrains/kotlin/psi/KtTreeVisitor done
Event: 1.942 loading class org/jetbrains/kotlin/types/expressions/PatternMatchingTypingVisitor
Event: 1.942 loading class org/jetbrains/kotlin/types/expressions/PatternMatchingTypingVisitor done
Event: 1.944 loading class org/jetbrains/kotlin/resolve/calls/smartcasts/SmartCastManager$Companion
Event: 1.944 loading class org/jetbrains/kotlin/resolve/calls/smartcasts/SmartCastManager$Companion done
Event: 1.944 loading class org/jetbrains/kotlin/types/expressions/DoubleColonExpressionResolver$Companion
Event: 1.944 loading class org/jetbrains/kotlin/types/expressions/DoubleColonExpressionResolver$Companion done
Event: 1.945 Executing VM operation: G1CollectForAllocation


Dynamic libraries:
0x00007ff61f370000 - 0x00007ff61f37a000 	D:\Android Studio42\jre\bin\java.exe
0x00007ffc95930000 - 0x00007ffc95b28000 	C:\WINDOWS\SYSTEM32\ntdll.dll
0x00007ffc93f90000 - 0x00007ffc9404d000 	C:\WINDOWS\System32\KERNEL32.DLL
0x00007ffc93430000 - 0x00007ffc936fe000 	C:\WINDOWS\System32\KERNELBASE.dll
0x00007ffc93050000 - 0x00007ffc93150000 	C:\WINDOWS\System32\ucrtbase.dll
0x00007ffc90580000 - 0x00007ffc90597000 	D:\Android Studio42\jre\bin\VCRUNTIME140.dll
0x00007ffc7f700000 - 0x00007ffc7f719000 	D:\Android Studio42\jre\bin\jli.dll
0x00007ffc940d0000 - 0x00007ffc94270000 	C:\WINDOWS\System32\USER32.dll
0x00007ffc93700000 - 0x00007ffc93722000 	C:\WINDOWS\System32\win32u.dll
0x00007ffc93a20000 - 0x00007ffc93a4a000 	C:\WINDOWS\System32\GDI32.dll
0x00007ffc937c0000 - 0x00007ffc938cb000 	C:\WINDOWS\System32\gdi32full.dll
0x00007ffc932b0000 - 0x00007ffc9334d000 	C:\WINDOWS\System32\msvcp_win.dll
0x00007ffc81e50000 - 0x00007ffc820ea000 	C:\WINDOWS\WinSxS\amd64_microsoft.windows.common-controls_6595b64144ccf1df_6.0.19041.1110_none_60b5254171f9507e\COMCTL32.dll
0x00007ffc94b10000 - 0x00007ffc94bae000 	C:\WINDOWS\System32\msvcrt.dll
0x00007ffc94390000 - 0x00007ffc943c0000 	C:\WINDOWS\System32\IMM32.DLL
0x00007ffc76310000 - 0x00007ffc763ad000 	D:\Android Studio42\jre\bin\msvcp140.dll
0x00007ffc1c660000 - 0x00007ffc1d145000 	D:\Android Studio42\jre\bin\server\jvm.dll
0x00007ffc955f0000 - 0x00007ffc9569e000 	C:\WINDOWS\System32\ADVAPI32.dll
0x00007ffc957e0000 - 0x00007ffc9587c000 	C:\WINDOWS\System32\sechost.dll
0x00007ffc93a50000 - 0x00007ffc93b75000 	C:\WINDOWS\System32\RPCRT4.dll
0x00007ffc958e0000 - 0x00007ffc958e8000 	C:\WINDOWS\System32\PSAPI.DLL
0x00007ffc35270000 - 0x00007ffc35279000 	C:\WINDOWS\SYSTEM32\WSOCK32.dll
0x00007ffc88890000 - 0x00007ffc888b7000 	C:\WINDOWS\SYSTEM32\WINMM.dll
0x00007ffc948f0000 - 0x00007ffc9495b000 	C:\WINDOWS\System32\WS2_32.dll
0x00007ffc8b500000 - 0x00007ffc8b50a000 	C:\WINDOWS\SYSTEM32\VERSION.dll
0x00007ffc918d0000 - 0x00007ffc918e2000 	C:\WINDOWS\SYSTEM32\kernel.appcore.dll
0x00007ffc8e410000 - 0x00007ffc8e421000 	D:\Android Studio42\jre\bin\verify.dll
0x00007ffc90dc0000 - 0x00007ffc90fa4000 	C:\WINDOWS\SYSTEM32\DBGHELP.DLL
0x00007ffc7ba20000 - 0x00007ffc7ba4c000 	C:\WINDOWS\SYSTEM32\dbgcore.DLL
0x00007ffc93730000 - 0x00007ffc937b2000 	C:\WINDOWS\System32\bcryptPrimitives.dll
0x00007ffc8ce60000 - 0x00007ffc8ce89000 	D:\Android Studio42\jre\bin\java.dll
0x00007ffc8e450000 - 0x00007ffc8e45b000 	D:\Android Studio42\jre\bin\jimage.dll
0x00007ffc8ce40000 - 0x00007ffc8ce58000 	D:\Android Studio42\jre\bin\zip.dll
0x00007ffc94ea0000 - 0x00007ffc955e3000 	C:\WINDOWS\System32\SHELL32.dll
0x00007ffc91120000 - 0x00007ffc918b5000 	C:\WINDOWS\SYSTEM32\windows.storage.dll
0x00007ffc93b80000 - 0x00007ffc93ed4000 	C:\WINDOWS\System32\combase.dll
0x00007ffc92a40000 - 0x00007ffc92a70000 	C:\WINDOWS\SYSTEM32\Wldp.dll
0x00007ffc93ee0000 - 0x00007ffc93f8d000 	C:\WINDOWS\System32\SHCORE.dll
0x00007ffc94a30000 - 0x00007ffc94a85000 	C:\WINDOWS\System32\shlwapi.dll
0x00007ffc92f90000 - 0x00007ffc92faf000 	C:\WINDOWS\SYSTEM32\profapi.dll
0x00007ffc87640000 - 0x00007ffc8765a000 	D:\Android Studio42\jre\bin\net.dll
0x00007ffc8db70000 - 0x00007ffc8dc7a000 	C:\WINDOWS\SYSTEM32\WINHTTP.dll
0x00007ffc92740000 - 0x00007ffc927aa000 	C:\WINDOWS\system32\mswsock.dll
0x00007ffc87620000 - 0x00007ffc87634000 	D:\Android Studio42\jre\bin\nio.dll

dbghelp: loaded successfully - version: 4.0.5 - missing functions: none
symbol engine: initialized successfully - sym options: 0x614 - pdb path: .;D:\Android Studio42\jre\bin;C:\WINDOWS\SYSTEM32;C:\WINDOWS\WinSxS\amd64_microsoft.windows.common-controls_6595b64144ccf1df_6.0.19041.1110_none_60b5254171f9507e;D:\Android Studio42\jre\bin\server

VM Arguments:
java_command: org.jetbrains.kotlin.cli.jvm.K2JVMCompiler @D:\AndroidGradle\app\build\20221008_11257528622063925750.compiler.options
java_class_path (initial): C:\Users\zhaenpg\.gradle\caches\modules-2\files-2.1\org.jetbrains.kotlin\kotlin-compiler-embeddable\1.6.10\88f2073f4020cdb83132cfe940ceb9a60aba54ea\kotlin-compiler-embeddable-1.6.10.jar;C:\Users\zhaenpg\.gradle\caches\modules-2\files-2.1\org.jetbrains.kotlin\kotlin-reflect\1.6.10\1cbe9c92c12a94eea200d23c2bbaedaf3daf5132\kotlin-reflect-1.6.10.jar;C:\Users\zhaenpg\.gradle\caches\modules-2\files-2.1\org.jetbrains.kotlin\kotlin-stdlib\1.6.10\b8af3fe6f1ca88526914929add63cf5e7c5049af\kotlin-stdlib-1.6.10.jar;C:\Users\zhaenpg\.gradle\caches\modules-2\files-2.1\org.jetbrains.kotlin\kotlin-script-runtime\1.6.10\d0a7ff2e2500ef497ed0214ae40ad3c8387a6164\kotlin-script-runtime-1.6.10.jar;C:\Users\zhaenpg\.gradle\caches\modules-2\files-2.1\org.jetbrains.kotlin\kotlin-daemon-embeddable\1.6.10\a56d79bcbea411fa6058e4ecffc2de73e742bd2a\kotlin-daemon-embeddable-1.6.10.jar;C:\Users\zhaenpg\.gradle\caches\modules-2\files-2.1\org.jetbrains.intellij.deps\trove4j\1.0.20181211\216c2e14b070f334479d800987affe4054cd563f\trove4j-1.0.20181211.jar;C:\Users\zhaenpg\.gradle\caches\modules-2\files-2.1\net.java.dev.jna\jna\5.6.0\330f2244e9030119ab3030fc3fededc86713d9cc\jna-5.6.0.jar;C:\Users\zhaenpg\.gradle\caches\modules-2\files-2.1\org.jetbrains\annotations\13.0\919f0dfe192fb4e063e7dacadee7f8bb9a2672a9\annotations-13.0.jar;C:\Users\zhaenpg\.gradle\caches\modules-2\files-2.1\org.jetbrains.kotlin\kotlin-stdlib-common\1.6.10\c118700e3a33c8a0d9adc920e9dec0831171925\kotlin-stdlib-common-1.6.10.jar
Launcher Type: SUN_STANDARD

[Global flags]
     intx CICompilerCount                          = 12                                        {product} {ergonomic}
     uint ConcGCThreads                            = 3                                         {product} {ergonomic}
     uint G1ConcRefinementThreads                  = 13                                        {product} {ergonomic}
   size_t G1HeapRegionSize                         = 1048576                                   {product} {ergonomic}
    uintx GCDrainStackTargetSize                   = 64                                        {product} {ergonomic}
   size_t InitialHeapSize                          = 257949696                                 {product} {ergonomic}
   size_t MarkStackSize                            = 4194304                                   {product} {ergonomic}
   size_t MaxHeapSize                              = 4123000832                                {product} {ergonomic}
   size_t MaxNewSize                               = 2473590784                                {product} {ergonomic}
   size_t MinHeapDeltaBytes                        = 1048576                                   {product} {ergonomic}
    uintx NonNMethodCodeHeapSize                   = 7594288                                {pd product} {ergonomic}
    uintx NonProfiledCodeHeapSize                  = 122031976                              {pd product} {ergonomic}
    uintx ProfiledCodeHeapSize                     = 122031976                              {pd product} {ergonomic}
    uintx ReservedCodeCacheSize                    = 251658240                              {pd product} {ergonomic}
     bool SegmentedCodeCache                       = true                                      {product} {ergonomic}
     bool UseCompressedClassPointers               = true                                 {lp64_product} {ergonomic}
     bool UseCompressedOops                        = true                                 {lp64_product} {ergonomic}
     bool UseG1GC                                  = true                                      {product} {ergonomic}
     bool UseLargePagesIndividualAllocation        = false                                  {pd product} {ergonomic}

Logging:
Log output configuration:
 #0: stdout all=warning uptime,level,tags
 #1: stderr all=off uptime,level,tags

Environment Variables:
JAVA_HOME=D:\Java\jdk1.8.0_144
PATH=C:\WINDOWS\system32;C:\WINDOWS;C:\WINDOWS\System32\Wbem;C:\WINDOWS\System32\WindowsPowerShell\v1.0\;C:\WINDOWS\System32\OpenSSH\;C:\Program Files\Git\cmd;C:\Program Files\Go\bin;D:\nodejs\;C:\ProgramData\chocolatey\bin;D:\Java\jdk1.8.0_144\bin;C:\Python27;C:\Python310;D:\Sdk\platform-tools;D:\flutter\bin;C:\Python310\Scripts\;C:\Python310\;C:\Users\zhaenpg\.cargo\bin;C:\Users\zhaenpg\AppData\Local\Programs\Python\Python310\Scripts\;C:\Users\zhaenpg\AppData\Local\Programs\Python\Python310\;C:\Users\zhaenpg\AppData\Local\Microsoft\WindowsApps;;C:\Users\zhaenpg\AppData\Local\Programs\Microsoft VS Code\bin;C:\Users\zhaenpg\go\bin;C:\Users\zhaenpg\AppData\Roaming\npm;E:\GoLand 2022.1.2\bin;
USERNAME=zhaenpg
OS=Windows_NT
PROCESSOR_IDENTIFIER=AMD64 Family 23 Model 96 Stepping 1, AuthenticAMD



---------------  S Y S T E M  ---------------

OS: Windows 10 , 64 bit Build 19041 (10.0.19041.1889)
OS uptime: 19 days 22:11 hours

CPU:total 16 (initial active 16) (16 cores per cpu, 2 threads per core) family 23 model 96 stepping 1 microcode 0x0, cmov, cx8, fxsr, mmx, sse, sse2, sse3, ssse3, sse4.1, sse4.2, popcnt, avx, avx2, aes, clmul, mmxext, 3dnowpref, lzcnt, sse4a, ht, tsc, tscinvbit, tscinv, bmi1, bmi2, adx, sha, fma

Memory: 4k page, system-wide physical 15725M (480M free)
TotalPageFile size 28525M (AvailPageFile size 4M)
current process WorkingSet (physical memory assigned to process): 225M, peak: 225M
current process commit charge ("private bytes"): 438M, peak: 488M

vm_info: OpenJDK 64-Bit Server VM (11.0.12+7-b1504.28-7817840) for windows-amd64 JRE (11.0.12+7-b1504.28-7817840), built on Oct 13 2021 22:12:33 by "builder" with MS VC++ 14.0 (VS2015)

END.
